Determining if the pthread_create exist failed with the following output:
Change Dir: /home/nscc-gz/lzy/GaBP/build/CMakeFiles/CMakeTmp

Run Build Command:/usr/bin/gmake "cmTryCompileExec3593746688/fast"
/usr/bin/gmake -f CMakeFiles/cmTryCompileExec3593746688.dir/build.make CMakeFiles/cmTryCompileExec3593746688.dir/build
gmake[1]: Entering directory `/home/nscc-gz/lzy/GaBP/build/CMakeFiles/CMakeTmp'
/usr/bin/cmake -E cmake_progress_report /home/nscc-gz/lzy/GaBP/build/CMakeFiles/CMakeTmp/CMakeFiles 1
Building C object CMakeFiles/cmTryCompileExec3593746688.dir/CheckSymbolExists.c.o
/usr/bin/gcc    -o CMakeFiles/cmTryCompileExec3593746688.dir/CheckSymbolExists.c.o   -c /home/nscc-gz/lzy/GaBP/build/CMakeFiles/CMakeTmp/CheckSymbolExists.c
Linking C executable cmTryCompileExec3593746688
/usr/bin/cmake -E cmake_link_script CMakeFiles/cmTryCompileExec3593746688.dir/link.txt --verbose=1
/usr/bin/gcc       CMakeFiles/cmTryCompileExec3593746688.dir/CheckSymbolExists.c.o  -o cmTryCompileExec3593746688 -rdynamic 
CMakeFiles/cmTryCompileExec3593746688.dir/CheckSymbolExists.c.o: In function `main':
CheckSymbolExists.c:(.text+0x14): undefined reference to `pthread_create'
CheckSymbolExists.c:(.text+0x18): undefined reference to `pthread_create'
collect2: error: ld returned 1 exit status
gmake[1]: *** [cmTryCompileExec3593746688] Error 1
gmake[1]: Leaving directory `/home/nscc-gz/lzy/GaBP/build/CMakeFiles/CMakeTmp'
gmake: *** [cmTryCompileExec3593746688/fast] Error 2

File /home/nscc-gz/lzy/GaBP/build/CMakeFiles/CMakeTmp/CheckSymbolExists.c:
/* */
#include <pthread.h>

int main(int argc, char** argv)
{
  (void)argv;
#ifndef pthread_create
  return ((int*)(&pthread_create))[argc];
#else
  (void)argc;
  return 0;
#endif
}

Determining if the function pthread_create exists in the pthreads failed with the following output:
Change Dir: /home/nscc-gz/lzy/GaBP/build/CMakeFiles/CMakeTmp

Run Build Command:/usr/bin/gmake "cmTryCompileExec3609886511/fast"
/usr/bin/gmake -f CMakeFiles/cmTryCompileExec3609886511.dir/build.make CMakeFiles/cmTryCompileExec3609886511.dir/build
gmake[1]: Entering directory `/home/nscc-gz/lzy/GaBP/build/CMakeFiles/CMakeTmp'
/usr/bin/cmake -E cmake_progress_report /home/nscc-gz/lzy/GaBP/build/CMakeFiles/CMakeTmp/CMakeFiles 1
Building C object CMakeFiles/cmTryCompileExec3609886511.dir/CheckFunctionExists.c.o
/usr/bin/gcc   -DCHECK_FUNCTION_EXISTS=pthread_create   -o CMakeFiles/cmTryCompileExec3609886511.dir/CheckFunctionExists.c.o   -c /usr/share/cmake/Modules/CheckFunctionExists.c
Linking C executable cmTryCompileExec3609886511
/usr/bin/cmake -E cmake_link_script CMakeFiles/cmTryCompileExec3609886511.dir/link.txt --verbose=1
/usr/bin/gcc   -DCHECK_FUNCTION_EXISTS=pthread_create    CMakeFiles/cmTryCompileExec3609886511.dir/CheckFunctionExists.c.o  -o cmTryCompileExec3609886511 -rdynamic -lpthreads 
/usr/bin/ld: cannot find -lpthreads
collect2: error: ld returned 1 exit status
gmake[1]: *** [cmTryCompileExec3609886511] Error 1
gmake[1]: Leaving directory `/home/nscc-gz/lzy/GaBP/build/CMakeFiles/CMakeTmp'
gmake: *** [cmTryCompileExec3609886511/fast] Error 2


